<?xml version="1.0" encoding="UTF-8"?>
<!-- Generated by org.testng.reporters.JUnitReportReporter -->
<testsuite skipped="0" hostname="Thuys-MacBook-Pro.local" name="Karros_Test.APITest" tests="1" failures="0" timestamp="10 Jun 2020 23:56:42 GMT" time="2.282" errors="0">
  <testcase name="APITest" time="2.282" classname="Karros_Test.APITest"/>
</testsuite> <!-- Karros_Test.APITest -->
