<?xml version="1.0" encoding="UTF-8"?>
<!-- Generated by org.testng.reporters.JUnitReportReporter -->
<testsuite skipped="0" hostname="Thuys-MacBook-Pro.local" name="Karros_Test.restassure" tests="2" failures="0" timestamp="17 Jun 2020 04:41:12 GMT" time="3.380" errors="0">
  <testcase name="VerifyResCode" time="2.264" classname="Karros_Test.restassure"/>
  <testcase name="VerifyId" time="1.116" classname="Karros_Test.restassure"/>
</testsuite> <!-- Karros_Test.restassure -->
