<?xml version="1.0" encoding="UTF-8"?>
<!-- Generated by org.testng.reporters.JUnitReportReporter -->
<testsuite skipped="0" hostname="Thuys-MacBook-Pro.local" name="Karros_Test.SortName" tests="2" failures="0" timestamp="17 Jun 2020 14:02:08 GMT" time="2.348" errors="0">
  <testcase name="sortname_descending" time="1.081" classname="Karros_Test.SortName"/>
  <testcase name="sortname_ascending" time="1.267" classname="Karros_Test.SortName"/>
</testsuite> <!-- Karros_Test.SortName -->
